[2021-09-22 10:29:37,965] {taskinstance.py:903} INFO - Dependencies all met for <TaskInstance: spotify_dag.whole_spotify_etl 2021-09-22T08:29:18.852197+00:00 [queued]>
[2021-09-22 10:29:37,968] {taskinstance.py:903} INFO - Dependencies all met for <TaskInstance: spotify_dag.whole_spotify_etl 2021-09-22T08:29:18.852197+00:00 [queued]>
[2021-09-22 10:29:37,968] {taskinstance.py:1095} INFO - 
--------------------------------------------------------------------------------
[2021-09-22 10:29:37,968] {taskinstance.py:1096} INFO - Starting attempt 1 of 2
[2021-09-22 10:29:37,968] {taskinstance.py:1097} INFO - 
--------------------------------------------------------------------------------
[2021-09-22 10:29:37,972] {taskinstance.py:1115} INFO - Executing <Task(PythonOperator): whole_spotify_etl> on 2021-09-22T08:29:18.852197+00:00
[2021-09-22 10:29:37,977] {standard_task_runner.py:52} INFO - Started process 22131 to run task
[2021-09-22 10:29:37,983] {standard_task_runner.py:76} INFO - Running: ['airflow', 'tasks', 'run', 'spotify_dag', 'whole_spotify_etl', '2021-09-22T08:29:18.852197+00:00', '--job-id', '4', '--pool', 'default_pool', '--raw', '--subdir', '/Users/medisettinarendra/Downloads/spotify_airflow/dags/spotify_dag.py', '--cfg-path', '/var/folders/m_/lczr37mx5jdcznd7z46w9dnw0000gn/T/tmpdnyuf9z3', '--error-file', '/var/folders/m_/lczr37mx5jdcznd7z46w9dnw0000gn/T/tmpegs758pr']
[2021-09-22 10:29:37,987] {standard_task_runner.py:77} INFO - Job 4: Subtask whole_spotify_etl
[2021-09-22 10:29:38,007] {logging_mixin.py:109} INFO - Running <TaskInstance: spotify_dag.whole_spotify_etl 2021-09-22T08:29:18.852197+00:00 [running]> on host 58.0.168.192.in-addr.arpa
[2021-09-22 10:29:38,023] {taskinstance.py:1254} INFO - Exporting the following env vars:
AIRFLOW_CTX_DAG_EMAIL=medisettinarendra@gmail.com
AIRFLOW_CTX_DAG_OWNER=airflow
AIRFLOW_CTX_DAG_ID=spotify_dag
AIRFLOW_CTX_TASK_ID=whole_spotify_etl
AIRFLOW_CTX_EXECUTION_DATE=2021-09-22T08:29:18.852197+00:00
AIRFLOW_CTX_DAG_RUN_ID=manual__2021-09-22T08:29:18.852197+00:00
[2021-09-22 10:29:38,024] {logging_mixin.py:109} INFO - I'm going to show you something :)
[2021-09-22 10:29:38,024] {python.py:151} INFO - Done. Returned value was: None
[2021-09-22 10:29:38,026] {taskinstance.py:1219} INFO - Marking task as SUCCESS. dag_id=spotify_dag, task_id=whole_spotify_etl, execution_date=20210922T082918, start_date=20210922T082937, end_date=20210922T082938
[2021-09-22 10:29:38,040] {local_task_job.py:151} INFO - Task exited with return code 0
[2021-09-22 10:29:38,047] {local_task_job.py:261} INFO - 0 downstream tasks scheduled from follow-on schedule check
